#
# A fatal error has been detected by the Java Runtime Environment:
#
#  EXCEPTION_ACCESS_VIOLATION (0xc0000005) at pc=0x00007ffbce4063a6, pid=14052, tid=15720
#
# JRE version: OpenJDK Runtime Environment (11.0.10) (build 11.0.10+0-b96-7249189)
# Java VM: OpenJDK 64-Bit Server VM (11.0.10+0-b96-7249189, mixed mode, tiered, compressed oops, g1 gc, windows-amd64)
# Problematic frame:
# V  [jvm.dll+0x1963a6]
#
# No core dump will be written. Minidumps are not enabled by default on client versions of Windows
#
# If you would like to submit a bug report, please visit:
#   https://bugreport.java.com/bugreport/crash.jsp
#

---------------  S U M M A R Y ------------

Command Line: --add-opens=java.base/java.util=ALL-UNNAMED --add-opens=java.base/java.lang=ALL-UNNAMED --add-opens=java.base/java.lang.invoke=ALL-UNNAMED --add-opens=java.base/java.util=ALL-UNNAMED --add-opens=java.prefs/java.util.prefs=ALL-UNNAMED --add-opens=java.prefs/java.util.prefs=ALL-UNNAMED --add-opens=java.base/java.nio.charset=ALL-UNNAMED --add-opens=java.base/java.net=ALL-UNNAMED --add-opens=java.base/java.util.concurrent.atomic=ALL-UNNAMED -Xmx2048m -Dfile.encoding=UTF-8 -Duser.country=US -Duser.language=en -Duser.variant org.gradle.launcher.daemon.bootstrap.GradleDaemon 7.0.2

Host: Intel(R) Core(TM) i3-5005U CPU @ 2.00GHz, 4 cores, 7G,  Windows 10 , 64 bit Build 18362 (10.0.18362.86)
Time: Tue Dec  7 17:37:47 2021 Arab Standard Time elapsed time: 72938.083710 seconds (0d 20h 15m 38s)

---------------  T H R E A D  ---------------

Current thread (0x000001bfb5d1a800):  JavaThread "C2 CompilerThread1" daemon [_thread_in_native, id=15720, stack(0x0000008a3d700000,0x0000008a3d800000)]


Current CompileTask:
C2:72938083 5859       4       sun.security.provider.SHA::implCompress0 (482 bytes)

Stack: [0x0000008a3d700000,0x0000008a3d800000],  sp=0x0000008a3d7fbb18,  free space=1006k
Native frames: (J=compiled Java code, j=interpreted, Vv=VM code, C=native code)
V  [jvm.dll+0x1963a6]


siginfo: EXCEPTION_ACCESS_VIOLATION (0xc0000005), reading address 0x0000000000000088


Register to memory mapping:

RIP=0x00007ffbce4063a6 jvm.dll
RAX=0x0 is NULL
RBX=0x000001bfb5b6bc50 points into unknown readable memory: 0x0000000000000000 | 00 00 00 00 00 00 00 00
RCX=0x000001bfaebdd800 is a thread
RDX=0x0000000000000003 is an unknown value
RSP=0x0000008a3d7fbb18 is pointing into the stack for thread: 0x000001bfb5d1a800
RBP=0xffffffffffffffff is an unknown value
RSI=0x0000008a3d7fc020 is pointing into the stack for thread: 0x000001bfb5d1a800
RDI=0x0 is NULL
R8 =0x0000000000000008 is an unknown value
R9 =0x0 is NULL
R10=0x000001bfb5b6bce0 points into unknown readable memory: 0x00010001000002c0 | c0 02 00 00 01 00 01 00
R11=0x000000000000000d is an unknown value
R12=0x0000000000000001 is an unknown value
R13=0x0000000000000001 is an unknown value
R14=0x000001bfb0598788 points into unknown readable memory: 0x00007ffbcea53ea0 | a0 3e a5 ce fb 7f 00 00
R15=0x000001bfb20412a0 points into unknown readable memory: 0x00007ffbceaecec8 | c8 ce ae ce fb 7f 00 00


Registers:
RAX=0x0000000000000000, RBX=0x000001bfb5b6bc50, RCX=0x000001bfaebdd800, RDX=0x0000000000000003
RSP=0x0000008a3d7fbb18, RBP=0xffffffffffffffff, RSI=0x0000008a3d7fc020, RDI=0x0000000000000000
R8 =0x0000000000000008, R9 =0x0000000000000000, R10=0x000001bfb5b6bce0, R11=0x000000000000000d
R12=0x0000000000000001, R13=0x0000000000000001, R14=0x000001bfb0598788, R15=0x000001bfb20412a0
RIP=0x00007ffbce4063a6, EFLAGS=0x0000000000010206

Top of Stack: (sp=0x0000008a3d7fbb18)
0x0000008a3d7fbb18:   00007ffbce40a76c 000001bfb5b6bc50
0x0000008a3d7fbb28:   000001bfb5b6bc88 000001bfb5b6bc50
0x0000008a3d7fbb38:   00007ffbcebfbfd0 0000000d00000001
0x0000008a3d7fbb48:   0000008a00000001 000001bfb25a6358
0x0000008a3d7fbb58:   000001bfaf8b45a8 0000000000000000
0x0000008a3d7fbb68:   0000000000000000 0000008a3d7fbc80
0x0000008a3d7fbb78:   000001bfb4b9c800 000001bfb4b9c810
0x0000008a3d7fbb88:   0000000000000008 00000000000003d8
0x0000008a3d7fbb98:   0000008a3d7fbcc0 0000000000000000
0x0000008a3d7fbba8:   0000008a3d7fc108 0000008a3d7fc020
0x0000008a3d7fbbb8:   00007ffbce407c81 0000008a3d7fc020
0x0000008a3d7fbbc8:   0000008a3d7fbc01 0000008a3d7fc100
0x0000008a3d7fbbd8:   000001bfffffffff 0000008a3d7fbd00
0x0000008a3d7fbbe8:   00007ffbce7f1eea 00007ffb00000006
0x0000008a3d7fbbf8:   000001bfb4b9c800 000001bfb5b6aca0
0x0000008a3d7fbc08:   000001bfb5b9a5f0 000001bfb5b9a5f0 

Instructions: (pc=0x00007ffbce4063a6)
0x00007ffbce4062a6:   c5 41 3b ee 0f 82 13 ff ff ff 49 8b c4 4c 8b 6c
0x00007ffbce4062b6:   24 28 4c 8b 64 24 30 48 8b 74 24 60 48 8b 6c 24
0x00007ffbce4062c6:   58 48 8b 5c 24 50 4c 8b 74 24 20 48 83 c4 38 41
0x00007ffbce4062d6:   5f 5f c3 33 c0 eb d6 cc cc cc 48 8b 05 c1 4f 89
0x00007ffbce4062e6:   00 c3 cc cc cc cc cc cc cc cc 48 8b 05 c1 4f 89
0x00007ffbce4062f6:   00 c3 cc cc cc cc cc cc cc cc b8 d1 00 00 00 c3
0x00007ffbce406306:   cc cc cc cc cc cc cc cc cc cc 48 83 ec 28 8b 51
0x00007ffbce406316:   18 b8 01 00 00 00 83 fa 01 76 11 4c 8b 41 08 49
0x00007ffbce406326:   83 3c c0 00 75 23 ff c0 3b c2 72 f3 ba dc 02 00
0x00007ffbce406336:   00 48 8d 0d f2 63 66 00 e8 7d c4 0a 00 e8 d8 f4
0x00007ffbce406346:   44 00 33 c0 48 83 c4 28 c3 49 8b 04 c0 48 83 c4
0x00007ffbce406356:   28 c3 cc cc cc cc cc cc cc cc 48 8b 41 38 48 63
0x00007ffbce406366:   48 10 48 8d 05 85 83 81 00 48 c1 e1 05 8b 14 01
0x00007ffbce406376:   85 d2 75 08 48 8d 05 6f 92 87 00 c3 8b 0d f4 d3
0x00007ffbce406386:   89 00 65 48 8b 04 25 58 00 00 00 41 b8 08 00 00
0x00007ffbce406396:   00 48 8b 04 c8 4a 8b 0c 00 48 8b 81 d0 04 00 00
0x00007ffbce4063a6:   48 8b 80 88 00 00 00 48 8b 80 f0 07 00 00 48 8b
0x00007ffbce4063b6:   84 d0 98 0a 00 00 c3 cc cc cc 40 53 48 83 ec 20
0x00007ffbce4063c6:   48 8b 41 08 48 8b d9 48 8b 40 10 48 85 c0 0f 84
0x00007ffbce4063d6:   9a 00 00 00 48 8b 40 08 48 8b 08 48 8b 01 ff 10
0x00007ffbce4063e6:   83 f8 7c 0f 85 85 00 00 00 48 8b 43 08 48 8b 40
0x00007ffbce4063f6:   10 48 85 c0 75 06 33 d2 8b da eb 18 48 8b 40 08
0x00007ffbce406406:   48 8b 18 48 8b cb 48 8b 03 ff 10 33 d2 83 f8 7c
0x00007ffbce406416:   48 0f 45 da 48 8b 43 08 48 8b 40 08 83 78 18 02
0x00007ffbce406426:   72 0a 48 8b 40 08 48 8b 40 08 eb 03 48 8b c2 48
0x00007ffbce406436:   85 c0 74 10 83 78 18 03 75 0a 48 8b 40 08 48 8b
0x00007ffbce406446:   40 08 eb 03 48 8b c2 48 85 c0 74 24 83 78 18 03
0x00007ffbce406456:   75 1e 48 8b 40 08 48 8b 40 08 8b 48 2c 83 e1 0f
0x00007ffbce406466:   80 f9 0c 74 0e 48 8b c2 48 83 c4 20 5b c3 33 d2
0x00007ffbce406476:   48 8b c2 48 83 c4 20 5b c3 cc 48 89 5c 24 08 57
0x00007ffbce406486:   48 83 ec 20 48 8b d9 48 8b fa 48 81 c1 88 09 00
0x00007ffbce406496:   00 e8 14 2c 48 00 48 8d 8b d8 09 00 00 48 8b d7 


Stack slot to memory mapping:
stack at sp + 0 slots: 0x00007ffbce40a76c jvm.dll
stack at sp + 1 slots: 0x000001bfb5b6bc50 points into unknown readable memory: 0x0000000000000000 | 00 00 00 00 00 00 00 00
stack at sp + 2 slots: 0x000001bfb5b6bc88 points into unknown readable memory: 0x0000000005555455 | 55 54 55 05 00 00 00 00
stack at sp + 3 slots: 0x000001bfb5b6bc50 points into unknown readable memory: 0x0000000000000000 | 00 00 00 00 00 00 00 00
stack at sp + 4 slots: 0x00007ffbcebfbfd0 jvm.dll
stack at sp + 5 slots: 0x0000000d00000001 is an unknown value
stack at sp + 6 slots: 0x0000008a00000001 is an unknown value
stack at sp + 7 slots: 0x000001bfb25a6358 points into unknown readable memory: 0x00007ffbcea58568 | 68 85 a5 ce fb 7f 00 00


---------------  P R O C E S S  ---------------

Threads class SMR info:
_java_thread_list=0x000001bfb6188c10, length=43, elements={
0x000001bf94fee800, 0x000001bfaebc1800, 0x000001bfaebc5800, 0x000001bfaf547800,
0x000001bfaf548800, 0x000001bfaf54d800, 0x000001bfaebdc800, 0x000001bfaebdd800,
0x000001bfaebdf800, 0x000001bfaf696800, 0x000001bfaf695000, 0x000001bfaf695800,
0x000001bfaf692800, 0x000001bfaf693800, 0x000001bfaf691000, 0x000001bfaf697800,
0x000001bfaf694000, 0x000001bfaf691800, 0x000001bfb20ca000, 0x000001bfb20ca800,
0x000001bfb20cb800, 0x000001bfb20c6800, 0x000001bfb20cc800, 0x000001bfb20cd000,
0x000001bfb20c9000, 0x000001bfb20c7800, 0x000001bfb20c8800, 0x000001bfb0dc3800,
0x000001bfb0dc8000, 0x000001bfb0dc6800, 0x000001bfb0dc9000, 0x000001bfb0dc4000,
0x000001bfb0dca000, 0x000001bfb0dca800, 0x000001bfb0dcb800, 0x000001bfb0dc6000,
0x000001bfb0dd0800, 0x000001bfb0dd1000, 0x000001bfb0dd2000, 0x000001bfb0dcc800,
0x000001bfb0dcd000, 0x000001bfb5d1a800, 0x000001bfb0dce000
}

Java Threads: ( => current thread )
  0x000001bf94fee800 JavaThread "main" [_thread_blocked, id=7600, stack(0x0000008a3b000000,0x0000008a3b100000)]
  0x000001bfaebc1800 JavaThread "Reference Handler" daemon [_thread_blocked, id=14648, stack(0x0000008a3b700000,0x0000008a3b800000)]
  0x000001bfaebc5800 JavaThread "Finalizer" daemon [_thread_blocked, id=9880, stack(0x0000008a3b800000,0x0000008a3b900000)]
  0x000001bfaf547800 JavaThread "Signal Dispatcher" daemon [_thread_blocked, id=1592, stack(0x0000008a3b900000,0x0000008a3ba00000)]
  0x000001bfaf548800 JavaThread "Attach Listener" daemon [_thread_blocked, id=6860, stack(0x0000008a3ba00000,0x0000008a3bb00000)]
  0x000001bfaf54d800 JavaThread "Service Thread" daemon [_thread_blocked, id=17232, stack(0x0000008a3bb00000,0x0000008a3bc00000)]
  0x000001bfaebdc800 JavaThread "C2 CompilerThread0" daemon [_thread_in_native, id=1832, stack(0x0000008a3bc00000,0x0000008a3bd00000)]
  0x000001bfaebdd800 JavaThread "C1 CompilerThread0" daemon [_thread_blocked, id=12404, stack(0x0000008a3bd00000,0x0000008a3be00000)]
  0x000001bfaebdf800 JavaThread "Sweeper thread" daemon [_thread_blocked, id=9704, stack(0x0000008a3be00000,0x0000008a3bf00000)]
  0x000001bfaf696800 JavaThread "Common-Cleaner" daemon [_thread_blocked, id=17964, stack(0x0000008a3bf00000,0x0000008a3c000000)]
  0x000001bfaf695000 JavaThread "Daemon health stats" [_thread_in_Java, id=16820, stack(0x0000008a3c400000,0x0000008a3c500000)]
  0x000001bfaf695800 JavaThread "Incoming local TCP Connector on port 51298" [_thread_in_native, id=14944, stack(0x0000008a3c100000,0x0000008a3c200000)]
  0x000001bfaf692800 JavaThread "Daemon periodic checks" [_thread_blocked, id=15988, stack(0x0000008a3c500000,0x0000008a3c600000)]
  0x000001bfaf693800 JavaThread "Daemon" [_thread_blocked, id=1540, stack(0x0000008a3c600000,0x0000008a3c700000)]
  0x000001bfaf691000 JavaThread "Handler for socket connection from /127.0.0.1:51298 to /127.0.0.1:51299" [_thread_in_native, id=9392, stack(0x0000008a3c700000,0x0000008a3c800000)]
  0x000001bfaf697800 JavaThread "Cancel handler" [_thread_blocked, id=9936, stack(0x0000008a3c900000,0x0000008a3ca00000)]
  0x000001bfaf694000 JavaThread "Daemon worker" [_thread_in_vm, id=10184, stack(0x0000008a3ca00000,0x0000008a3cb00000)]
  0x000001bfaf691800 JavaThread "Asynchronous log dispatcher for DefaultDaemonConnection: socket connection from /127.0.0.1:51298 to /127.0.0.1:51299" [_thread_blocked, id=7008, stack(0x0000008a3cb00000,0x0000008a3cc00000)]
  0x000001bfb20ca000 JavaThread "Stdin handler" [_thread_blocked, id=7004, stack(0x0000008a3cc00000,0x0000008a3cd00000)]
  0x000001bfb20ca800 JavaThread "Daemon client event forwarder" [_thread_blocked, id=1724, stack(0x0000008a3cd00000,0x0000008a3ce00000)]
  0x000001bfb20cb800 JavaThread "Cache worker for file hash cache (C:\Users\Anik Karmakar\.gradle\caches\7.0.2\fileHashes)" [_thread_blocked, id=14368, stack(0x0000008a3c800000,0x0000008a3c900000)]
  0x000001bfb20c6800 JavaThread "File lock request listener" [_thread_in_native, id=3808, stack(0x0000008a3cf00000,0x0000008a3d000000)]
  0x000001bfb20cc800 JavaThread "Cache worker for journal cache (C:\Users\Anik Karmakar\.gradle\caches\journal-1)" [_thread_blocked, id=11864, stack(0x0000008a3d000000,0x0000008a3d100000)]
  0x000001bfb20cd000 JavaThread "Cache worker for file hash cache (C:\Users\Anik Karmakar\AndroidStudioProjects\bakeryshop\.gradle\7.0.2\fileHashes)" [_thread_blocked, id=11400, stack(0x0000008a3d200000,0x0000008a3d300000)]
  0x000001bfb20c9000 JavaThread "File watcher server" daemon [_thread_in_native, id=10352, stack(0x0000008a3d300000,0x0000008a3d400000)]
  0x000001bfb20c7800 JavaThread "File watcher consumer" daemon [_thread_blocked, id=17720, stack(0x0000008a3d100000,0x0000008a3d200000)]
  0x000001bfb20c8800 JavaThread "Cache worker for checksums cache (C:\Users\Anik Karmakar\AndroidStudioProjects\bakeryshop\.gradle\checksums)" [_thread_blocked, id=16780, stack(0x0000008a3d400000,0x0000008a3d500000)]
  0x000001bfb0dc3800 JavaThread "Cache worker for cache directory md-supplier (C:\Users\Anik Karmakar\.gradle\caches\7.0.2\md-supplier)" [_thread_blocked, id=12164, stack(0x0000008a3d500000,0x0000008a3d600000)]
  0x000001bfb0dc8000 JavaThread "Cache worker for cache directory md-rule (C:\Users\Anik Karmakar\.gradle\caches\7.0.2\md-rule)" [_thread_blocked, id=6868, stack(0x0000008a3d600000,0x0000008a3d700000)]
  0x000001bfb0dc6800 JavaThread "Cache worker for execution history cache (C:\Users\Anik Karmakar\.gradle\caches\7.0.2\executionHistory)" [_thread_blocked, id=14360, stack(0x0000008a3d800000,0x0000008a3d900000)]
  0x000001bfb0dc9000 JavaThread "jar transforms" [_thread_blocked, id=984, stack(0x0000008a3d900000,0x0000008a3da00000)]
  0x000001bfb0dc4000 JavaThread "jar transforms Thread 2" [_thread_blocked, id=8096, stack(0x0000008a3da00000,0x0000008a3db00000)]
  0x000001bfb0dca000 JavaThread "Cache worker for file content cache (C:\Users\Anik Karmakar\.gradle\caches\7.0.2\fileContent)" [_thread_blocked, id=15444, stack(0x0000008a3db00000,0x0000008a3dc00000)]
  0x000001bfb0dca800 JavaThread "Cache worker for dependencies-accessors (C:\Users\Anik Karmakar\AndroidStudioProjects\bakeryshop\.gradle\7.0.2\dependencies-accessors)" [_thread_blocked, id=13004, stack(0x0000008a3dc00000,0x0000008a3dd00000)]
  0x000001bfb0dcb800 JavaThread "jar transforms Thread 3" [_thread_blocked, id=5104, stack(0x0000008a3dd00000,0x0000008a3de00000)]
  0x000001bfb0dc6000 JavaThread "Cache worker for Build Output Cleanup Cache (C:\Users\Anik Karmakar\AndroidStudioProjects\bakeryshop\.gradle\buildOutputCleanup)" [_thread_blocked, id=6088, stack(0x0000008a3de00000,0x0000008a3df00000)]
  0x000001bfb0dd0800 JavaThread "Build operations" [_thread_blocked, id=14924, stack(0x0000008a3df00000,0x0000008a3e000000)]
  0x000001bfb0dd1000 JavaThread "Build operations Thread 2" [_thread_blocked, id=10036, stack(0x0000008a3e000000,0x0000008a3e100000)]
  0x000001bfb0dd2000 JavaThread "Build operations Thread 3" [_thread_blocked, id=12052, stack(0x0000008a3e100000,0x0000008a3e200000)]
  0x000001bfb0dcc800 JavaThread "Build operations Thread 4" [_thread_blocked, id=8504, stack(0x0000008a3e200000,0x0000008a3e300000)]
  0x000001bfb0dcd000 JavaThread "jar transforms Thread 4" [_thread_blocked, id=18100, stack(0x0000008a3e300000,0x0000008a3e400000)]
=>0x000001bfb5d1a800 JavaThread "C2 CompilerThread1" daemon [_thread_in_native, id=15720, stack(0x0000008a3d700000,0x0000008a3d800000)]
  0x000001bfb0dce000 JavaThread "Memory manager" [_thread_blocked, id=4744, stack(0x0000008a3e400000,0x0000008a3e500000)]

Other Threads:
  0x000001bfaebbd000 VMThread "VM Thread" [stack: 0x0000008a3b600000,0x0000008a3b700000] [id=16200]
  0x000001bfaf6a2800 WatcherThread [stack: 0x0000008a3c000000,0x0000008a3c100000] [id=14756]
  0x000001bf95007000 GCTaskThread "GC Thread#0" [stack: 0x0000008a3b100000,0x0000008a3b200000] [id=10436]
  0x000001bfaf9bd800 GCTaskThread "GC Thread#1" [stack: 0x0000008a3c200000,0x0000008a3c300000] [id=18428]
  0x000001bfb005f800 GCTaskThread "GC Thread#2" [stack: 0x0000008a3c300000,0x0000008a3c400000] [id=16880]
  0x000001bfb0bfc800 GCTaskThread "GC Thread#3" [stack: 0x0000008a3ce00000,0x0000008a3cf00000] [id=6092]
  0x000001bf95039000 ConcurrentGCThread "G1 Main Marker" [stack: 0x0000008a3b200000,0x0000008a3b300000] [id=17376]
  0x000001bf9503a000 ConcurrentGCThread "G1 Conc#0" [stack: 0x0000008a3b300000,0x0000008a3b400000] [id=11604]
  0x000001bfaea10800 ConcurrentGCThread "G1 Refine#0" [stack: 0x0000008a3b400000,0x0000008a3b500000] [id=11392]
  0x000001bfaea11800 ConcurrentGCThread "G1 Young RemSet Sampling" [stack: 0x0000008a3b500000,0x0000008a3b600000] [id=8084]

Threads with active compile tasks:
C2 CompilerThread072938199 5902       4       javax.management.ObjectName::construct (1135 bytes)
C2 CompilerThread172938199 5859       4       sun.security.provider.SHA::implCompress0 (482 bytes)

VM state:not at safepoint (normal execution)

VM Mutex/Monitor currently owned by a thread: None

Heap address: 0x0000000080000000, size: 2048 MB, Compressed Oops mode: 32-bit
Narrow klass base: 0x0000000000000000, Narrow klass shift: 3
Compressed class space size: 1073741824 Address: 0x0000000100000000

Heap:
 garbage-first heap   total 189440K, used 71756K [0x0000000080000000, 0x0000000100000000)
  region size 1024K, 30 young (30720K), 3 survivors (3072K)
 Metaspace       used 59445K, capacity 60972K, committed 61192K, reserved 1101824K
  class space    used 7518K, capacity 8068K, committed 8140K, reserved 1048576K
Heap Regions: E=young(eden), S=young(survivor), O=old, HS=humongous(starts), HC=humongous(continues), CS=collection set, F=free, A=archive, TAMS=top-at-mark-start (previous, next)
|   0|0x0000000080000000, 0x0000000080100000, 0x0000000080100000|100%|HS|  |TAMS 0x0000000080100000, 0x0000000080000000| Complete 
|   1|0x0000000080100000, 0x0000000080200000, 0x0000000080200000|100%|HC|  |TAMS 0x0000000080200000, 0x0000000080100000| Complete 
|   2|0x0000000080200000, 0x0000000080300000, 0x0000000080300000|100%|HC|  |TAMS 0x0000000080300000, 0x0000000080200000| Complete 
|   3|0x0000000080300000, 0x0000000080400000, 0x0000000080400000|100%| O|  |TAMS 0x0000000080400000, 0x0000000080300000| Untracked 
|   4|0x0000000080400000, 0x0000000080500000, 0x0000000080500000|100%| O|  |TAMS 0x0000000080500000, 0x0000000080400000| Untracked 
|   5|0x0000000080500000, 0x0000000080600000, 0x0000000080600000|100%| O|  |TAMS 0x0000000080600000, 0x0000000080500000| Untracked 
|   6|0x0000000080600000, 0x0000000080700000, 0x0000000080700000|100%| O|  |TAMS 0x0000000080700000, 0x0000000080600000| Untracked 
|   7|0x0000000080700000, 0x0000000080800000, 0x0000000080800000|100%| O|  |TAMS 0x0000000080800000, 0x0000000080700000| Untracked 
|   8|0x0000000080800000, 0x0000000080900000, 0x0000000080900000|100%| O|  |TAMS 0x0000000080900000, 0x0000000080800000| Untracked 
|   9|0x0000000080900000, 0x0000000080a00000, 0x0000000080a00000|100%| O|  |TAMS 0x0000000080a00000, 0x0000000080900000| Untracked 
|  10|0x0000000080a00000, 0x0000000080b00000, 0x0000000080b00000|100%| O|  |TAMS 0x0000000080b00000, 0x0000000080a00000| Untracked 
|  11|0x0000000080b00000, 0x0000000080c00000, 0x0000000080c00000|100%| O|  |TAMS 0x0000000080c00000, 0x0000000080b00000| Untracked 
|  12|0x0000000080c00000, 0x0000000080d00000, 0x0000000080d00000|100%| O|  |TAMS 0x0000000080d00000, 0x0000000080c00000| Untracked 
|  13|0x0000000080d00000, 0x0000000080e00000, 0x0000000080e00000|100%| O|  |TAMS 0x0000000080e00000, 0x0000000080d00000| Untracked 
|  14|0x0000000080e00000, 0x0000000080f00000, 0x0000000080f00000|100%| O|  |TAMS 0x0000000080f00000, 0x0000000080e00000| Untracked 
|  15|0x0000000080f00000, 0x0000000081000000, 0x0000000081000000|100%| O|  |TAMS 0x0000000081000000, 0x0000000080f00000| Untracked 
|  16|0x0000000081000000, 0x0000000081100000, 0x0000000081100000|100%|HS|  |TAMS 0x0000000081100000, 0x0000000081000000| Complete 
|  17|0x0000000081100000, 0x0000000081200000, 0x0000000081200000|100%| O|  |TAMS 0x0000000081200000, 0x0000000081100000| Untracked 
|  18|0x0000000081200000, 0x0000000081300000, 0x0000000081300000|100%| O|  |TAMS 0x0000000081300000, 0x0000000081200000| Untracked 
|  19|0x0000000081300000, 0x0000000081400000, 0x0000000081400000|100%| O|  |TAMS 0x0000000081400000, 0x0000000081300000| Untracked 
|  20|0x0000000081400000, 0x0000000081500000, 0x0000000081500000|100%| O|  |TAMS 0x0000000081500000, 0x0000000081400000| Untracked 
|  21|0x0000000081500000, 0x0000000081600000, 0x0000000081600000|100%| O|  |TAMS 0x0000000081600000, 0x0000000081500000| Untracked 
|  22|0x0000000081600000, 0x0000000081700000, 0x0000000081700000|100%| O|  |TAMS 0x0000000081700000, 0x0000000081600000| Untracked 
|  23|0x0000000081700000, 0x0000000081800000, 0x0000000081800000|100%|HS|  |TAMS 0x0000000081800000, 0x0000000081700000| Complete 
|  24|0x0000000081800000, 0x0000000081900000, 0x0000000081900000|100%|HS|  |TAMS 0x0000000081900000, 0x0000000081800000| Complete 
|  25|0x0000000081900000, 0x0000000081a00000, 0x0000000081a00000|100%|HC|  |TAMS 0x0000000081a00000, 0x0000000081900000| Complete 
|  26|0x0000000081a00000, 0x0000000081b00000, 0x0000000081b00000|100%| O|  |TAMS 0x0000000081b00000, 0x0000000081a00000| Untracked 
|  27|0x0000000081b00000, 0x0000000081c00000, 0x0000000081c00000|100%| O|  |TAMS 0x0000000081c00000, 0x0000000081b00000| Untracked 
|  28|0x0000000081c00000, 0x0000000081d00000, 0x0000000081d00000|100%| O|  |TAMS 0x0000000081d00000, 0x0000000081c00000| Untracked 
|  29|0x0000000081d00000, 0x0000000081e00000, 0x0000000081e00000|100%| O|  |TAMS 0x0000000081e00000, 0x0000000081d00000| Untracked 
|  30|0x0000000081e00000, 0x0000000081f00000, 0x0000000081f00000|100%| O|  |TAMS 0x0000000081f00000, 0x0000000081e00000| Untracked 
|  31|0x0000000081f00000, 0x0000000082000000, 0x0000000082000000|100%| O|  |TAMS 0x0000000082000000, 0x0000000081f00000| Untracked 
|  32|0x0000000082000000, 0x0000000082100000, 0x0000000082100000|100%| O|  |TAMS 0x0000000082100000, 0x0000000082000000| Untracked 
|  33|0x0000000082100000, 0x0000000082200000, 0x0000000082200000|100%| O|  |TAMS 0x0000000082200000, 0x0000000082100000| Untracked 
|  34|0x0000000082200000, 0x0000000082300000, 0x0000000082300000|100%| O|  |TAMS 0x0000000082300000, 0x0000000082200000| Untracked 
|  35|0x0000000082300000, 0x0000000082400000, 0x0000000082400000|100%| O|  |TAMS 0x0000000082400000, 0x0000000082300000| Untracked 
|  36|0x0000000082400000, 0x0000000082500000, 0x0000000082500000|100%| O|  |TAMS 0x0000000082500000, 0x0000000082400000| Untracked 
|  37|0x0000000082500000, 0x0000000082600000, 0x0000000082600000|100%| O|  |TAMS 0x0000000082600000, 0x0000000082500000| Untracked 
|  38|0x0000000082600000, 0x0000000082700000, 0x0000000082700000|100%| O|  |TAMS 0x0000000082700000, 0x0000000082600000| Untracked 
|  39|0x0000000082700000, 0x0000000082800000, 0x0000000082800000|100%| O|  |TAMS 0x0000000082800000, 0x0000000082700000| Untracked 
|  40|0x0000000082800000, 0x0000000082900000, 0x0000000082900000|100%| O|  |TAMS 0x0000000082900000, 0x0000000082800000| Untracked 
|  41|0x0000000082900000, 0x0000000082a00000, 0x0000000082a00000|100%| O|  |TAMS 0x0000000082a00000, 0x0000000082900000| Untracked 
|  42|0x0000000082a00000, 0x0000000082aa1400, 0x0000000082b00000| 62%| O|  |TAMS 0x0000000082aa1400, 0x0000000082a00000| Untracked 
|  43|0x0000000082b00000, 0x0000000082b00000, 0x0000000082c00000|  0%| F|  |TAMS 0x0000000082b00000, 0x0000000082b00000| Untracked 
|  44|0x0000000082c00000, 0x0000000082c00000, 0x0000000082d00000|  0%| F|  |TAMS 0x0000000082c00000, 0x0000000082c00000| Untracked 
|  45|0x0000000082d00000, 0x0000000082d00000, 0x0000000082e00000|  0%| F|  |TAMS 0x0000000082d00000, 0x0000000082d00000| Untracked 
|  46|0x0000000082e00000, 0x0000000082e00000, 0x0000000082f00000|  0%| F|  |TAMS 0x0000000082e00000, 0x0000000082e00000| Untracked 
|  47|0x0000000082f00000, 0x0000000082f00000, 0x0000000083000000|  0%| F|  |TAMS 0x0000000082f00000, 0x0000000082f00000| Untracked 
|  48|0x0000000083000000, 0x0000000083000000, 0x0000000083100000|  0%| F|  |TAMS 0x0000000083000000, 0x0000000083000000| Untracked 
|  49|0x0000000083100000, 0x0000000083100000, 0x0000000083200000|  0%| F|  |TAMS 0x0000000083100000, 0x0000000083100000| Untracked 
|  50|0x0000000083200000, 0x0000000083200000, 0x0000000083300000|  0%| F|  |TAMS 0x0000000083200000, 0x0000000083200000| Untracked 
|  51|0x0000000083300000, 0x0000000083300000, 0x0000000083400000|  0%| F|  |TAMS 0x0000000083300000, 0x0000000083300000| Untracked 
|  52|0x0000000083400000, 0x0000000083400000, 0x0000000083500000|  0%| F|  |TAMS 0x0000000083400000, 0x0000000083400000| Untracked 
|  53|0x0000000083500000, 0x0000000083500000, 0x0000000083600000|  0%| F|  |TAMS 0x0000000083500000, 0x0000000083500000| Untracked 
|  54|0x0000000083600000, 0x0000000083600000, 0x0000000083700000|  0%| F|  |TAMS 0x0000000083600000, 0x0000000083600000| Untracked 
|  55|0x0000000083700000, 0x0000000083700000, 0x0000000083800000|  0%| F|  |TAMS 0x0000000083700000, 0x0000000083700000| Untracked 
|  56|0x0000000083800000, 0x0000000083800000, 0x0000000083900000|  0%| F|  |TAMS 0x0000000083800000, 0x0000000083800000| Untracked 
|  57|0x0000000083900000, 0x0000000083900000, 0x0000000083a00000|  0%| F|  |TAMS 0x0000000083900000, 0x0000000083900000| Untracked 
|  58|0x0000000083a00000, 0x0000000083a00000, 0x0000000083b00000|  0%| F|  |TAMS 0x0000000083a00000, 0x0000000083a00000| Untracked 
|  59|0x0000000083b00000, 0x0000000083b00000, 0x0000000083c00000|  0%| F|  |TAMS 0x0000000083b00000, 0x0000000083b00000| Untracked 
|  60|0x0000000083c00000, 0x0000000083c00000, 0x0000000083d00000|  0%| F|  |TAMS 0x0000000083c00000, 0x0000000083c00000| Untracked 
|  61|0x0000000083d00000, 0x0000000083d00000, 0x0000000083e00000|  0%| F|  |TAMS 0x0000000083d00000, 0x0000000083d00000| Untracked 
|  62|0x0000000083e00000, 0x0000000083e00000, 0x0000000083f00000|  0%| F|  |TAMS 0x0000000083e00000, 0x0000000083e00000| Untracked 
|  63|0x0000000083f00000, 0x0000000083f00000, 0x0000000084000000|  0%| F|  |TAMS 0x0000000083f00000, 0x0000000083f00000| Untracked 
|  64|0x0000000084000000, 0x0000000084000000, 0x0000000084100000|  0%| F|  |TAMS 0x0000000084000000, 0x0000000084000000| Untracked 
|  65|0x0000000084100000, 0x0000000084100000, 0x0000000084200000|  0%| F|  |TAMS 0x0000000084100000, 0x0000000084100000| Untracked 
|  66|0x0000000084200000, 0x0000000084200000, 0x0000000084300000|  0%| F|  |TAMS 0x0000000084200000, 0x0000000084200000| Untracked 
|  67|0x0000000084300000, 0x0000000084300000, 0x0000000084400000|  0%| F|  |TAMS 0x0000000084300000, 0x0000000084300000| Untracked 
|  68|0x0000000084400000, 0x0000000084400000, 0x0000000084500000|  0%| F|  |TAMS 0x0000000084400000, 0x0000000084400000| Untracked 
|  69|0x0000000084500000, 0x0000000084500000, 0x0000000084600000|  0%| F|  |TAMS 0x0000000084500000, 0x0000000084500000| Untracked 
|  70|0x0000000084600000, 0x0000000084600000, 0x0000000084700000|  0%| F|  |TAMS 0x0000000084600000, 0x0000000084600000| Untracked 
|  71|0x0000000084700000, 0x0000000084700000, 0x0000000084800000|  0%| F|  |TAMS 0x0000000084700000, 0x0000000084700000| Untracked 
|  72|0x0000000084800000, 0x0000000084800000, 0x0000000084900000|  0%| F|  |TAMS 0x0000000084800000, 0x0000000084800000| Untracked 
|  73|0x0000000084900000, 0x0000000084900000, 0x0000000084a00000|  0%| F|  |TAMS 0x0000000084900000, 0x0000000084900000| Untracked 
|  74|0x0000000084a00000, 0x0000000084a00000, 0x0000000084b00000|  0%| F|  |TAMS 0x0000000084a00000, 0x0000000084a00000| Untracked 
|  75|0x0000000084b00000, 0x0000000084b00000, 0x0000000084c00000|  0%| F|  |TAMS 0x0000000084b00000, 0x0000000084b00000| Untracked 
|  76|0x0000000084c00000, 0x0000000084c00000, 0x0000000084d00000|  0%| F|  |TAMS 0x0000000084c00000, 0x0000000084c00000| Untracked 
|  77|0x0000000084d00000, 0x0000000084d00000, 0x0000000084e00000|  0%| F|  |TAMS 0x0000000084d00000, 0x0000000084d00000| Untracked 
|  78|0x0000000084e00000, 0x0000000084e00000, 0x0000000084f00000|  0%| F|  |TAMS 0x0000000084e00000, 0x0000000084e00000| Untracked 
|  79|0x0000000084f00000, 0x0000000084f00000, 0x0000000085000000|  0%| F|  |TAMS 0x0000000084f00000, 0x0000000084f00000| Untracked 
|  80|0x0000000085000000, 0x0000000085000000, 0x0000000085100000|  0%| F|  |TAMS 0x0000000085000000, 0x0000000085000000| Untracked 
|  81|0x0000000085100000, 0x0000000085100000, 0x0000000085200000|  0%| F|  |TAMS 0x0000000085100000, 0x0000000085100000| Untracked 
|  82|0x0000000085200000, 0x0000000085200000, 0x0000000085300000|  0%| F|  |TAMS 0x0000000085200000, 0x0000000085200000| Untracked 
|  83|0x0000000085300000, 0x0000000085300000, 0x0000000085400000|  0%| F|  |TAMS 0x0000000085300000, 0x0000000085300000| Untracked 
|  84|0x0000000085400000, 0x0000000085400000, 0x0000000085500000|  0%| F|  |TAMS 0x0000000085400000, 0x0000000085400000| Untracked 
|  85|0x0000000085500000, 0x0000000085500000, 0x0000000085600000|  0%| F|  |TAMS 0x0000000085500000, 0x0000000085500000| Untracked 
|  86|0x0000000085600000, 0x0000000085600000, 0x0000000085700000|  0%| F|  |TAMS 0x0000000085600000, 0x0000000085600000| Untracked 
|  87|0x0000000085700000, 0x0000000085700000, 0x0000000085800000|  0%| F|  |TAMS 0x0000000085700000, 0x0000000085700000| Untracked 
|  88|0x0000000085800000, 0x0000000085800000, 0x0000000085900000|  0%| F|  |TAMS 0x0000000085800000, 0x0000000085800000| Untracked 
|  89|0x0000000085900000, 0x0000000085900000, 0x0000000085a00000|  0%| F|  |TAMS 0x0000000085900000, 0x0000000085900000| Untracked 
|  90|0x0000000085a00000, 0x0000000085a00000, 0x0000000085b00000|  0%| F|  |TAMS 0x0000000085a00000, 0x0000000085a00000| Untracked 
|  91|0x0000000085b00000, 0x0000000085b00000, 0x0000000085c00000|  0%| F|  |TAMS 0x0000000085b00000, 0x0000000085b00000| Untracked 
|  92|0x0000000085c00000, 0x0000000085c00000, 0x0000000085d00000|  0%| F|  |TAMS 0x0000000085c00000, 0x0000000085c00000| Untracked 
|  93|0x0000000085d00000, 0x0000000085d00000, 0x0000000085e00000|  0%| F|  |TAMS 0x0000000085d00000, 0x0000000085d00000| Untracked 
|  94|0x0000000085e00000, 0x0000000085e00000, 0x0000000085f00000|  0%| F|  |TAMS 0x0000000085e00000, 0x0000000085e00000| Untracked 
|  95|0x0000000085f00000, 0x0000000085f00000, 0x0000000086000000|  0%| F|  |TAMS 0x0000000085f00000, 0x0000000085f00000| Untracked 
|  96|0x0000000086000000, 0x0000000086000000, 0x0000000086100000|  0%| F|  |TAMS 0x0000000086000000, 0x0000000086000000| Untracked 
|  97|0x0000000086100000, 0x0000000086100000, 0x0000000086200000|  0%| F|  |TAMS 0x0000000086100000, 0x0000000086100000| Untracked 
|  98|0x0000000086200000, 0x0000000086200000, 0x0000000086300000|  0%| F|  |TAMS 0x0000000086200000, 0x0000000086200000| Untracked 
|  99|0x0000000086300000, 0x0000000086300000, 0x0000000086400000|  0%| F|  |TAMS 0x0000000086300000, 0x0000000086300000| Untracked 
| 100|0x0000000086400000, 0x0000000086400000, 0x0000000086500000|  0%| F|  |TAMS 0x0000000086400000, 0x0000000086400000| Untracked 
| 101|0x0000000086500000, 0x0000000086500000, 0x0000000086600000|  0%| F|  |TAMS 0x0000000086500000, 0x0000000086500000| Untracked 
| 102|0x0000000086600000, 0x0000000086600000, 0x0000000086700000|  0%| F|  |TAMS 0x0000000086600000, 0x0000000086600000| Untracked 
| 103|0x0000000086700000, 0x0000000086700000, 0x0000000086800000|  0%| F|  |TAMS 0x0000000086700000, 0x0000000086700000| Untracked 
| 104|0x0000000086800000, 0x0000000086800000, 0x0000000086900000|  0%| F|  |TAMS 0x0000000086800000, 0x0000000086800000| Untracked 
| 105|0x0000000086900000, 0x0000000086900000, 0x0000000086a00000|  0%| F|  |TAMS 0x0000000086900000, 0x0000000086900000| Untracked 
| 106|0x0000000086a00000, 0x0000000086a00000, 0x0000000086b00000|  0%| F|  |TAMS 0x0000000086a00000, 0x0000000086a00000| Untracked 
| 107|0x0000000086b00000, 0x0000000086b00000, 0x0000000086c00000|  0%| F|  |TAMS 0x0000000086b00000, 0x0000000086b00000| Untracked 
| 108|0x0000000086c00000, 0x0000000086c00000, 0x0000000086d00000|  0%| F|  |TAMS 0x0000000086c00000, 0x0000000086c00000| Untracked 
| 109|0x0000000086d00000, 0x0000000086d00000, 0x0000000086e00000|  0%| F|  |TAMS 0x0000000086d00000, 0x0000000086d00000| Untracked 
| 110|0x0000000086e00000, 0x0000000086e00000, 0x0000000086f00000|  0%| F|  |TAMS 0x0000000086e00000, 0x0000000086e00000| Untracked 
| 111|0x0000000086f00000, 0x0000000086f00000, 0x0000000087000000|  0%| F|  |TAMS 0x0000000086f00000, 0x0000000086f00000| Untracked 
| 112|0x0000000087000000, 0x0000000087000000, 0x0000000087100000|  0%| F|  |TAMS 0x0000000087000000, 0x0000000087000000| Untracked 
| 113|0x0000000087100000, 0x0000000087100000, 0x0000000087200000|  0%| F|  |TAMS 0x0000000087100000, 0x0000000087100000| Untracked 
| 114|0x0000000087200000, 0x0000000087200000, 0x0000000087300000|  0%| F|  |TAMS 0x0000000087200000, 0x0000000087200000| Untracked 
| 115|0x0000000087300000, 0x0000000087300000, 0x0000000087400000|  0%| F|  |TAMS 0x0000000087300000, 0x0000000087300000| Untracked 
| 116|0x0000000087400000, 0x0000000087400000, 0x0000000087500000|  0%| F|  |TAMS 0x0000000087400000, 0x0000000087400000| Untracked 
| 117|0x0000000087500000, 0x0000000087500000, 0x0000000087600000|  0%| F|  |TAMS 0x0000000087500000, 0x0000000087500000| Untracked 
| 118|0x0000000087600000, 0x0000000087600000, 0x0000000087700000|  0%| F|  |TAMS 0x0000000087600000, 0x0000000087600000| Untracked 
| 119|0x0000000087700000, 0x0000000087700000, 0x0000000087800000|  0%| F|  |TAMS 0x0000000087700000, 0x0000000087700000| Untracked 
| 120|0x0000000087800000, 0x0000000087800000, 0x0000000087900000|  0%| F|  |TAMS 0x0000000087800000, 0x0000000087800000| Untracked 
| 121|0x0000000087900000, 0x0000000087900000, 0x0000000087a00000|  0%| F|  |TAMS 0x0000000087900000, 0x0000000087900000| Untracked 
| 122|0x0000000087a00000, 0x0000000087a00000, 0x0000000087b00000|  0%| F|  |TAMS 0x0000000087a00000, 0x0000000087a00000| Untracked 
| 123|0x0000000087b00000, 0x0000000087b00000, 0x0000000087c00000|  0%| F|  |TAMS 0x0000000087b00000, 0x0000000087b00000| Untracked 
| 124|0x0000000087c00000, 0x0000000087c00000, 0x0000000087d00000|  0%| F|  |TAMS 0x0000000087c00000, 0x0000000087c00000| Untracked 
| 125|0x0000000087d00000, 0x0000000087d00000, 0x0000000087e00000|  0%| F|  |TAMS 0x0000000087d00000, 0x0000000087d00000| Untracked 
| 126|0x0000000087e00000, 0x0000000087e00000, 0x0000000087f00000|  0%| F|  |TAMS 0x0000000087e00000, 0x0000000087e00000| Untracked 
| 127|0x0000000087f00000, 0x0000000087f00000, 0x0000000088000000|  0%| F|  |TAMS 0x0000000087f00000, 0x0000000087f00000| Untracked 
| 128|0x0000000088000000, 0x0000000088000000, 0x0000000088100000|  0%| F|  |TAMS 0x0000000088000000, 0x0000000088000000| Untracked 
| 129|0x0000000088100000, 0x0000000088100000, 0x0000000088200000|  0%| F|  |TAMS 0x0000000088100000, 0x0000000088100000| Untracked 
| 130|0x0000000088200000, 0x0000000088200000, 0x0000000088300000|  0%| F|  |TAMS 0x0000000088200000, 0x0000000088200000| Untracked 
| 131|0x0000000088300000, 0x0000000088300000, 0x0000000088400000|  0%| F|  |TAMS 0x0000000088300000, 0x0000000088300000| Untracked 
| 132|0x0000000088400000, 0x0000000088400000, 0x0000000088500000|  0%| F|  |TAMS 0x0000000088400000, 0x0000000088400000| Untracked 
| 133|0x0000000088500000, 0x0000000088500000, 0x0000000088600000|  0%| F|  |TAMS 0x0000000088500000, 0x0000000088500000| Untracked 
| 134|0x0000000088600000, 0x0000000088600000, 0x0000000088700000|  0%| F|  |TAMS 0x0000000088600000, 0x0000000088600000| Untracked 
| 135|0x0000000088700000, 0x0000000088700000, 0x0000000088800000|  0%| F|  |TAMS 0x0000000088700000, 0x0000000088700000| Untracked 
| 136|0x0000000088800000, 0x0000000088800000, 0x0000000088900000|  0%| F|  |TAMS 0x0000000088800000, 0x0000000088800000| Untracked 
| 137|0x0000000088900000, 0x0000000088900000, 0x0000000088a00000|  0%| F|  |TAMS 0x0000000088900000, 0x0000000088900000| Untracked 
| 138|0x0000000088a00000, 0x0000000088a00000, 0x0000000088b00000|  0%| F|  |TAMS 0x0000000088a00000, 0x0000000088a00000| Untracked 
| 139|0x0000000088b00000, 0x0000000088b00000, 0x0000000088c00000|  0%| F|  |TAMS 0x0000000088b00000, 0x0000000088b00000| Untracked 
| 140|0x0000000088c00000, 0x0000000088c00000, 0x0000000088d00000|  0%| F|  |TAMS 0x0000000088c00000, 0x0000000088c00000| Untracked 
| 141|0x0000000088d00000, 0x0000000088d00000, 0x0000000088e00000|  0%| F|  |TAMS 0x0000000088d00000, 0x0000000088d00000| Untracked 
| 142|0x0000000088e00000, 0x0000000088e00000, 0x0000000088f00000|  0%| F|  |TAMS 0x0000000088e00000, 0x0000000088e00000| Untracked 
| 143|0x0000000088f00000, 0x0000000088f00000, 0x0000000089000000|  0%| F|  |TAMS 0x0000000088f00000, 0x0000000088f00000| Untracked 
| 144|0x0000000089000000, 0x0000000089000000, 0x0000000089100000|  0%| F|  |TAMS 0x0000000089000000, 0x0000000089000000| Untracked 
| 145|0x0000000089100000, 0x0000000089100000, 0x0000000089200000|  0%| F|  |TAMS 0x0000000089100000, 0x0000000089100000| Untracked 
| 146|0x0000000089200000, 0x0000000089200000, 0x0000000089300000|  0%| F|  |TAMS 0x0000000089200000, 0x0000000089200000| Untracked 
| 147|0x0000000089300000, 0x0000000089300000, 0x0000000089400000|  0%| F|  |TAMS 0x0000000089300000, 0x0000000089300000| Untracked 
| 148|0x0000000089400000, 0x0000000089400000, 0x0000000089500000|  0%| F|  |TAMS 0x0000000089400000, 0x0000000089400000| Untracked 
| 149|0x0000000089500000, 0x0000000089500000, 0x0000000089600000|  0%| F|  |TAMS 0x0000000089500000, 0x0000000089500000| Untracked 
| 150|0x0000000089600000, 0x0000000089600000, 0x0000000089700000|  0%| F|  |TAMS 0x0000000089600000, 0x0000000089600000| Untracked 
| 151|0x0000000089700000, 0x0000000089700000, 0x0000000089800000|  0%| F|  |TAMS 0x0000000089700000, 0x0000000089700000| Untracked 
| 152|0x0000000089800000, 0x0000000089800000, 0x0000000089900000|  0%| F|  |TAMS 0x0000000089800000, 0x0000000089800000| Untracked 
| 153|0x0000000089900000, 0x0000000089900000, 0x0000000089a00000|  0%| F|  |TAMS 0x0000000089900000, 0x0000000089900000| Untracked 
| 154|0x0000000089a00000, 0x0000000089a00000, 0x0000000089b00000|  0%| F|  |TAMS 0x0000000089a00000, 0x0000000089a00000| Untracked 
| 155|0x0000000089b00000, 0x0000000089ba4098, 0x0000000089c00000| 64%| E|  |TAMS 0x0000000089b00000, 0x0000000089b00000| Complete 
| 156|0x0000000089c00000, 0x0000000089d00000, 0x0000000089d00000|100%| E|CS|TAMS 0x0000000089c00000, 0x0000000089c00000| Complete 
| 157|0x0000000089d00000, 0x0000000089e00000, 0x0000000089e00000|100%| E|CS|TAMS 0x0000000089d00000, 0x0000000089d00000| Complete 
| 158|0x0000000089e00000, 0x0000000089f00000, 0x0000000089f00000|100%| E|CS|TAMS 0x0000000089e00000, 0x0000000089e00000| Complete 
| 159|0x0000000089f00000, 0x000000008a000000, 0x000000008a000000|100%| E|CS|TAMS 0x0000000089f00000, 0x0000000089f00000| Complete 
| 160|0x000000008a000000, 0x000000008a100000, 0x000000008a100000|100%| E|CS|TAMS 0x000000008a000000, 0x000000008a000000| Complete 
| 161|0x000000008a100000, 0x000000008a171cf8, 0x000000008a200000| 44%| S|CS|TAMS 0x000000008a100000, 0x000000008a100000| Complete 
| 162|0x000000008a200000, 0x000000008a300000, 0x000000008a300000|100%| S|CS|TAMS 0x000000008a200000, 0x000000008a200000| Complete 
| 163|0x000000008a300000, 0x000000008a400000, 0x000000008a400000|100%| S|CS|TAMS 0x000000008a300000, 0x000000008a300000| Complete 
| 164|0x000000008a400000, 0x000000008a500000, 0x000000008a500000|100%| E|CS|TAMS 0x000000008a400000, 0x000000008a400000| Complete 
| 165|0x000000008a500000, 0x000000008a600000, 0x000000008a600000|100%| E|CS|TAMS 0x000000008a500000, 0x000000008a500000| Complete 
| 166|0x000000008a600000, 0x000000008a700000, 0x000000008a700000|100%| E|CS|TAMS 0x000000008a600000, 0x000000008a600000| Complete 
| 167|0x000000008a700000, 0x000000008a800000, 0x000000008a800000|100%| E|CS|TAMS 0x000000008a700000, 0x000000008a700000| Complete 
| 168|0x000000008a800000, 0x000000008a900000, 0x000000008a900000|100%| E|CS|TAMS 0x000000008a800000, 0x000000008a800000| Complete 
| 169|0x000000008a900000, 0x000000008aa00000, 0x000000008aa00000|100%| E|CS|TAMS 0x000000008a900000, 0x000000008a900000| Complete 
| 170|0x000000008aa00000, 0x000000008ab00000, 0x000000008ab00000|100%| E|CS|TAMS 0x000000008aa00000, 0x000000008aa00000| Complete 
| 171|0x000000008ab00000, 0x000000008ac00000, 0x000000008ac00000|100%| E|CS|TAMS 0x000000008ab00000, 0x000000008ab00000| Complete 
| 172|0x000000008ac00000, 0x000000008ad00000, 0x000000008ad00000|100%| E|CS|TAMS 0x000000008ac00000, 0x000000008ac00000| Complete 
| 173|0x000000008ad00000, 0x000000008ae00000, 0x000000008ae00000|100%| E|CS|TAMS 0x000000008ad00000, 0x000000008ad00000| Complete 
| 174|0x000000008ae00000, 0x000000008af00000, 0x000000008af00000|100%| E|CS|TAMS 0x000000008ae00000, 0x000000008ae00000| Complete 
| 175|0x000000008af00000, 0x000000008b000000, 0x000000008b000000|100%| E|CS|TAMS 0x000000008af00000, 0x000000008af00000| Complete 
| 176|0x000000008b000000, 0x000000008b100000, 0x000000008b100000|100%| E|  |TAMS 0x000000008b000000, 0x000000008b000000| Complete 
| 177|0x000000008b100000, 0x000000008b200000, 0x000000008b200000|100%| E|CS|TAMS 0x000000008b100000, 0x000000008b100000| Complete 
| 178|0x000000008b200000, 0x000000008b300000, 0x000000008b300000|100%| E|CS|TAMS 0x000000008b200000, 0x000000008b200000| Complete 
| 179|0x000000008b300000, 0x000000008b400000, 0x000000008b400000|100%| E|CS|TAMS 0x000000008b300000, 0x000000008b300000| Complete 
| 180|0x000000008b400000, 0x000000008b500000, 0x000000008b500000|100%| E|CS|TAMS 0x000000008b400000, 0x000000008b400000| Complete 
| 181|0x000000008b500000, 0x000000008b600000, 0x000000008b600000|100%| E|CS|TAMS 0x000000008b500000, 0x000000008b500000| Complete 
| 182|0x000000008b600000, 0x000000008b700000, 0x000000008b700000|100%| E|CS|TAMS 0x000000008b600000, 0x000000008b600000| Complete 
| 183|0x000000008b700000, 0x000000008b800000, 0x000000008b800000|100%| E|CS|TAMS 0x000000008b700000, 0x000000008b700000| Complete 
| 184|0x000000008b800000, 0x000000008b900000, 0x000000008b900000|100%| E|CS|TAMS 0x000000008b800000, 0x000000008b800000| Complete 

Card table byte_map: [0x000001bfa7ed0000,0x000001bfa82d0000] _byte_map_base: 0x000001bfa7ad0000

Marking Bits (Prev, Next): (CMBitMap*) 0x000001bf9502ff70, (CMBitMap*) 0x000001bf9502ff38
 Prev Bits: [0x000001bfaa6d0000, 0x000001bfac6d0000)
 Next Bits: [0x000001bfa86d0000, 0x000001bfaa6d0000)

Polling page: 0x000001bf92f00000

Metaspace:

Usage:
  Non-class:     51.66 MB capacity,    50.71 MB ( 98%) used,   822.91 KB (  2%) free+waste,   154.06 KB ( <1%) overhead. 
      Class:      7.88 MB capacity,     7.34 MB ( 93%) used,   476.38 KB (  6%) free+waste,    72.69 KB ( <1%) overhead. 
       Both:     59.54 MB capacity,    58.05 MB ( 97%) used,     1.27 MB (  2%) free+waste,   226.75 KB ( <1%) overhead. 

Virtual space:
  Non-class space:       52.00 MB reserved,      51.81 MB (>99%) committed 
      Class space:        1.00 GB reserved,       7.95 MB ( <1%) committed 
             Both:        1.05 GB reserved,      59.76 MB (  6%) committed 

Chunk freelists:
   Non-Class:  20.00 KB
       Class:  28.00 KB
        Both:  48.00 KB

MaxMetaspaceSize: 17179869184.00 GB
CompressedClassSpaceSize: 1.00 GB

CodeHeap 'non-profiled nmethods': size=120064Kb used=3558Kb max_used=3558Kb free=116505Kb
 bounds [0x000001bfa0590000, 0x000001bfa0910000, 0x000001bfa7ad0000]
CodeHeap 'profiled nmethods': size=120000Kb used=12540Kb max_used=12540Kb free=107459Kb
 bounds [0x000001bf99060000, 0x000001bf99ca0000, 0x000001bfa0590000]
CodeHeap 'non-nmethods': size=5696Kb used=2255Kb max_used=2292Kb free=3441Kb
 bounds [0x000001bf98ad0000, 0x000001bf98d40000, 0x000001bf99060000]
 total_blobs=6779 nmethods=5937 adapters=751
 compilation: enabled
              stopped_count=0, restarted_count=0
 full_count=0

Compilation events (20 events):
Event: 72937.734 Thread 0x000001bfaebdd800 5960       3       java.util.concurrent.ScheduledThreadPoolExecutor$DelayedWorkQueue::finishPoll (43 bytes)
Event: 72937.734 Thread 0x000001bfaebdd800 nmethod 5960 0x000001bf99c94d90 code [0x000001bf99c94f80, 0x000001bf99c95528]
Event: 72937.735 Thread 0x000001bfaebdd800 5961       3       java.util.concurrent.ScheduledThreadPoolExecutor$ScheduledFutureTask::run (57 bytes)
Event: 72937.735 Thread 0x000001bfaebdd800 nmethod 5961 0x000001bf99c95710 code [0x000001bf99c95920, 0x000001bf99c95d38]
Event: 72937.735 Thread 0x000001bfaebdd800 5962   !   3       java.util.concurrent.FutureTask::runAndReset (125 bytes)
Event: 72937.739 Thread 0x000001bfaebdd800 nmethod 5962 0x000001bf99c95e90 code [0x000001bf99c962a0, 0x000001bf99c97eb8]
Event: 72937.741 Thread 0x000001bfaebdd800 5965       3       java.util.concurrent.Executors$RunnableAdapter::call (14 bytes)
Event: 72937.742 Thread 0x000001bfaebdd800 nmethod 5965 0x000001bf99c98890 code [0x000001bf99c98a40, 0x000001bf99c98c08]
Event: 72937.742 Thread 0x000001bfaebdd800 5966       3       java.lang.management.ManagementFactory::getMemoryPoolMXBeans (6 bytes)
Event: 72937.743 Thread 0x000001bfaebdd800 nmethod 5966 0x000001bf99c98d10 code [0x000001bf99c98ec0, 0x000001bf99c98fc8]
Event: 72937.752 Thread 0x000001bfaebdd800 5967   !   3       org.gradle.launcher.daemon.server.health.gc.DefaultSlidingWindow::slideAndInsert (50 bytes)
Event: 72937.754 Thread 0x000001bfaebdd800 nmethod 5967 0x000001bf99c99090 code [0x000001bf99c99380, 0x000001bf99c9a278]
Event: 72937.754 Thread 0x000001bfaebdd800 5968       3       org.gradle.launcher.daemon.server.health.gc.GarbageCollectionCheck::run (198 bytes)
Event: 72937.757 Thread 0x000001bfaebdd800 nmethod 5968 0x000001bf99c9aa90 code [0x000001bf99c9ae80, 0x000001bf99c9c958]
Event: 72937.757 Thread 0x000001bfaebdd800 5969       3       java.util.concurrent.ScheduledThreadPoolExecutor$ScheduledFutureTask::setNextRunTime (38 bytes)
Event: 72937.758 Thread 0x000001bfaebdd800 nmethod 5969 0x000001bf99c9d490 code [0x000001bf99c9d660, 0x000001bf99c9d988]
Event: 72937.758 Thread 0x000001bfaebdd800 5970       3       java.util.concurrent.ScheduledThreadPoolExecutor::reExecutePeriodic (49 bytes)
Event: 72937.759 Thread 0x000001bfaebdd800 nmethod 5970 0x000001bf99c9da90 code [0x000001bf99c9dcc0, 0x000001bf99c9e328]
Event: 72937.759 Thread 0x000001bfaebdd800 5972   !   3       java.util.concurrent.LinkedBlockingDeque::peekLast (41 bytes)
Event: 72937.760 Thread 0x000001bfaebdd800 nmethod 5972 0x000001bf99c9e510 code [0x000001bf99c9e760, 0x000001bf99c9ef98]

GC Heap History (20 events):
Event: 1.712 GC heap before
{Heap before GC invocations=1 (full 0):
 garbage-first heap   total 131072K, used 19702K [0x0000000080000000, 0x0000000100000000)
  region size 1024K, 14 young (14336K), 2 survivors (2048K)
 Metaspace       used 9904K, capacity 10114K, committed 10368K, reserved 1058816K
  class space    used 1022K, capacity 1102K, committed 1152K, reserved 1048576K
}
Event: 1.719 GC heap after
{Heap after GC invocations=2 (full 0):
 garbage-first heap   total 131072K, used 9168K [0x0000000080000000, 0x0000000100000000)
  region size 1024K, 2 young (2048K), 2 survivors (2048K)
 Metaspace       used 9904K, capacity 10114K, committed 10368K, reserved 1058816K
  class space    used 1022K, capacity 1102K, committed 1152K, reserved 1048576K
}
Event: 3.034 GC heap before
{Heap before GC invocations=2 (full 0):
 garbage-first heap   total 131072K, used 38864K [0x0000000080000000, 0x0000000100000000)
  region size 1024K, 30 young (30720K), 2 survivors (2048K)
 Metaspace       used 10836K, capacity 11067K, committed 11264K, reserved 1058816K
  class space    used 1125K, capacity 1206K, committed 1280K, reserved 1048576K
}
Event: 3.038 GC heap after
{Heap after GC invocations=3 (full 0):
 garbage-first heap   total 131072K, used 12055K [0x0000000080000000, 0x0000000100000000)
  region size 1024K, 4 young (4096K), 4 survivors (4096K)
 Metaspace       used 10836K, capacity 11067K, committed 11264K, reserved 1058816K
  class space    used 1125K, capacity 1206K, committed 1280K, reserved 1048576K
}
Event: 5.476 GC heap before
{Heap before GC invocations=3 (full 0):
 garbage-first heap   total 131072K, used 54039K [0x0000000080000000, 0x0000000100000000)
  region size 1024K, 46 young (47104K), 4 survivors (4096K)
 Metaspace       used 17684K, capacity 18086K, committed 18176K, reserved 1064960K
  class space    used 2079K, capacity 2236K, committed 2304K, reserved 1048576K
}
Event: 5.491 GC heap after
{Heap after GC invocations=4 (full 0):
 garbage-first heap   total 131072K, used 15850K [0x0000000080000000, 0x0000000100000000)
  region size 1024K, 6 young (6144K), 6 survivors (6144K)
 Metaspace       used 17684K, capacity 18086K, committed 18176K, reserved 1064960K
  class space    used 2079K, capacity 2236K, committed 2304K, reserved 1048576K
}
Event: 5.961 GC heap before
{Heap before GC invocations=4 (full 0):
 garbage-first heap   total 131072K, used 40426K [0x0000000080000000, 0x0000000100000000)
  region size 1024K, 31 young (31744K), 6 survivors (6144K)
 Metaspace       used 20620K, capacity 21150K, committed 21296K, reserved 1069056K
  class space    used 2513K, capacity 2688K, committed 2688K, reserved 1048576K
}
Event: 5.982 GC heap after
{Heap after GC invocations=5 (full 0):
 garbage-first heap   total 131072K, used 17077K [0x0000000080000000, 0x0000000100000000)
  region size 1024K, 6 young (6144K), 6 survivors (6144K)
 Metaspace       used 20620K, capacity 21150K, committed 21296K, reserved 1069056K
  class space    used 2513K, capacity 2688K, committed 2688K, reserved 1048576K
}
Event: 8.410 GC heap before
{Heap before GC invocations=6 (full 0):
 garbage-first heap   total 131072K, used 67253K [0x0000000080000000, 0x0000000100000000)
  region size 1024K, 56 young (57344K), 6 survivors (6144K)
 Metaspace       used 25793K, capacity 26418K, committed 26672K, reserved 1073152K
  class space    used 3366K, capacity 3598K, committed 3712K, reserved 1048576K
}
Event: 8.427 GC heap after
{Heap after GC invocations=7 (full 0):
 garbage-first heap   total 157696K, used 19016K [0x0000000080000000, 0x0000000100000000)
  region size 1024K, 3 young (3072K), 3 survivors (3072K)
 Metaspace       used 25793K, capacity 26418K, committed 26672K, reserved 1073152K
  class space    used 3366K, capacity 3598K, committed 3712K, reserved 1048576K
}
Event: 11.774 GC heap before
{Heap before GC invocations=7 (full 0):
 garbage-first heap   total 157696K, used 78408K [0x0000000080000000, 0x0000000100000000)
  region size 1024K, 62 young (63488K), 3 survivors (3072K)
 Metaspace       used 34797K, capacity 35606K, committed 35708K, reserved 1081344K
  class space    used 4524K, capacity 4832K, committed 4864K, reserved 1048576K
}
Event: 11.798 GC heap after
{Heap after GC invocations=8 (full 0):
 garbage-first heap   total 157696K, used 22366K [0x0000000080000000, 0x0000000100000000)
  region size 1024K, 6 young (6144K), 6 survivors (6144K)
 Metaspace       used 34797K, capacity 35606K, committed 35708K, reserved 1081344K
  class space    used 4524K, capacity 4832K, committed 4864K, reserved 1048576K
}
Event: 13.682 GC heap before
{Heap before GC invocations=9 (full 0):
 garbage-first heap   total 157696K, used 96094K [0x0000000080000000, 0x0000000100000000)
  region size 1024K, 76 young (77824K), 6 survivors (6144K)
 Metaspace       used 40197K, capacity 41159K, committed 41212K, reserved 1085440K
  class space    used 5156K, capacity 5499K, committed 5504K, reserved 1048576K
}
Event: 13.704 GC heap after
{Heap after GC invocations=10 (full 0):
 garbage-first heap   total 157696K, used 27334K [0x0000000080000000, 0x0000000100000000)
  region size 1024K, 9 young (9216K), 9 survivors (9216K)
 Metaspace       used 40197K, capacity 41159K, committed 41212K, reserved 1085440K
  class space    used 5156K, capacity 5499K, committed 5504K, reserved 1048576K
}
Event: 17.635 GC heap before
{Heap before GC invocations=10 (full 0):
 garbage-first heap   total 157696K, used 105158K [0x0000000080000000, 0x0000000100000000)
  region size 1024K, 85 young (87040K), 9 survivors (9216K)
 Metaspace       used 46600K, capacity 47824K, committed 47996K, reserved 1091584K
  class space    used 5958K, capacity 6399K, committed 6400K, reserved 1048576K
}
Event: 17.669 GC heap after
{Heap after GC invocations=11 (full 0):
 garbage-first heap   total 157696K, used 30308K [0x0000000080000000, 0x0000000100000000)
  region size 1024K, 8 young (8192K), 8 survivors (8192K)
 Metaspace       used 46600K, capacity 47824K, committed 47996K, reserved 1091584K
  class space    used 5958K, capacity 6399K, committed 6400K, reserved 1048576K
}
Event: 20.595 GC heap before
{Heap before GC invocations=11 (full 0):
 garbage-first heap   total 157696K, used 119396K [0x0000000080000000, 0x0000000100000000)
  region size 1024K, 92 young (94208K), 8 survivors (8192K)
 Metaspace       used 55389K, capacity 56788K, committed 57084K, reserved 1099776K
  class space    used 7004K, capacity 7510K, committed 7552K, reserved 1048576K
}
Event: 20.626 GC heap after
{Heap after GC invocations=12 (full 0):
 garbage-first heap   total 189440K, used 43452K [0x0000000080000000, 0x0000000100000000)
  region size 1024K, 12 young (12288K), 12 survivors (12288K)
 Metaspace       used 55389K, capacity 56788K, committed 57084K, reserved 1099776K
  class space    used 7004K, capacity 7510K, committed 7552K, reserved 1048576K
}
Event: 21.407 GC heap before
{Heap before GC invocations=12 (full 0):
 garbage-first heap   total 189440K, used 63932K [0x0000000080000000, 0x0000000100000000)
  region size 1024K, 33 young (33792K), 12 survivors (12288K)
 Metaspace       used 58263K, capacity 59748K, committed 59900K, reserved 1101824K
  class space    used 7392K, capacity 7940K, committed 8064K, reserved 1048576K
}
Event: 21.436 GC heap after
{Heap after GC invocations=13 (full 0):
 garbage-first heap   total 189440K, used 46156K [0x0000000080000000, 0x0000000100000000)
  region size 1024K, 3 young (3072K), 3 survivors (3072K)
 Metaspace       used 58263K, capacity 59748K, committed 59900K, reserved 1101824K
  class space    used 7392K, capacity 7940K, committed 8064K, reserved 1048576K
}

Deoptimization events (20 events):
Event: 21.724 Thread 0x000001bfaf694000 DEOPT PACKING pc=0x000001bf993e1cc9 sp=0x0000008a3caf3970
Event: 21.724 Thread 0x000001bfaf694000 DEOPT UNPACKING pc=0x000001bf98af76ce sp=0x0000008a3caf2de8 mode 0
Event: 21.724 Thread 0x000001bfaf694000 DEOPT PACKING pc=0x000001bf993e1cc9 sp=0x0000008a3caf3970
Event: 21.725 Thread 0x000001bfaf694000 DEOPT UNPACKING pc=0x000001bf98af76ce sp=0x0000008a3caf2de8 mode 0
Event: 21.725 Thread 0x000001bfaf694000 DEOPT PACKING pc=0x000001bf993e1cc9 sp=0x0000008a3caf3970
Event: 21.725 Thread 0x000001bfaf694000 DEOPT UNPACKING pc=0x000001bf98af76ce sp=0x0000008a3caf2de8 mode 0
Event: 21.725 Thread 0x000001bfaf694000 DEOPT PACKING pc=0x000001bf993e1cc9 sp=0x0000008a3caf3970
Event: 21.725 Thread 0x000001bfaf694000 DEOPT UNPACKING pc=0x000001bf98af76ce sp=0x0000008a3caf2de8 mode 0
Event: 21.725 Thread 0x000001bfaf694000 DEOPT PACKING pc=0x000001bf993e1cc9 sp=0x0000008a3caf3970
Event: 21.725 Thread 0x000001bfaf694000 DEOPT UNPACKING pc=0x000001bf98af76ce sp=0x0000008a3caf2de8 mode 0
Event: 21.725 Thread 0x000001bfaf694000 DEOPT PACKING pc=0x000001bf993e1cc9 sp=0x0000008a3caf3970
Event: 21.725 Thread 0x000001bfaf694000 DEOPT UNPACKING pc=0x000001bf98af76ce sp=0x0000008a3caf2de8 mode 0
Event: 72937.805 Thread 0x000001bfaf694000 DEOPT PACKING pc=0x000001bf99c591dd sp=0x0000008a3caf3ed0
Event: 72937.805 Thread 0x000001bfaf694000 DEOPT UNPACKING pc=0x000001bf98af76ce sp=0x0000008a3caf3388 mode 0
Event: 72937.806 Thread 0x000001bfaf694000 DEOPT PACKING pc=0x000001bf99c591dd sp=0x0000008a3caf3ed0
Event: 72937.806 Thread 0x000001bfaf694000 DEOPT UNPACKING pc=0x000001bf98af76ce sp=0x0000008a3caf3388 mode 0
Event: 72937.831 Thread 0x000001bfaf694000 Uncommon trap: trap_request=0xffffff4d fr.pc=0x000001bfa0883c3c relative=0x000000000000009c
Event: 72937.831 Thread 0x000001bfaf694000 Uncommon trap: reason=unstable_if action=reinterpret pc=0x000001bfa0883c3c method=java.security.CodeSource.matchCerts(Ljava/security/CodeSource;Z)Z @ 11 c2
Event: 72937.831 Thread 0x000001bfaf694000 DEOPT PACKING pc=0x000001bfa0883c3c sp=0x0000008a3caf0e60
Event: 72937.831 Thread 0x000001bfaf694000 DEOPT UNPACKING pc=0x000001bf98af78af sp=0x0000008a3caf0df8 mode 2

Classes redefined (0 events):
No events

Internal exceptions (20 events):
Event: 18.754 Thread 0x000001bfb20ca800 Exception <a 'java/lang/NoSuchMethodError'{0x0000000087aa1f60}: <clinit>> (0x0000000087aa1f60) thrown at [./src/hotspot/share/prims/jni.cpp, line 1362]
Event: 18.756 Thread 0x000001bfb20ca800 Exception <a 'java/lang/NoSuchMethodError'{0x0000000087aac3d0}: <clinit>> (0x0000000087aac3d0) thrown at [./src/hotspot/share/prims/jni.cpp, line 1362]
Event: 18.761 Thread 0x000001bfb20ca800 Exception <a 'java/lang/NoSuchMethodError'{0x0000000087abffb8}: <clinit>> (0x0000000087abffb8) thrown at [./src/hotspot/share/prims/jni.cpp, line 1362]
Event: 18.779 Thread 0x000001bfaf694000 Exception <a 'java/lang/ClassNotFoundException'{0x0000000087926e00}: build_brs32wcr9yj64g4zhtd3y9ru4BeanInfo> (0x0000000087926e00) thrown at [./src/hotspot/share/classfile/systemDictionary.cpp, line 231]
Event: 18.780 Thread 0x000001bfaf694000 Exception <a 'java/lang/ClassNotFoundException'{0x0000000087931d28}: build_brs32wcr9yj64g4zhtd3y9ru4Customizer> (0x0000000087931d28) thrown at [./src/hotspot/share/classfile/systemDictionary.cpp, line 231]
Event: 18.808 Thread 0x000001bfaf694000 Exception <a 'java/lang/ClassNotFoundException'{0x00000000879b22e8}: org/gradle/plugin/use/internal/PluginRequestCollector$PluginDependenciesSpecImplBeanInfo> (0x00000000879b22e8) thrown at [./src/hotspot/share/classfile/systemDictionary.cpp, line 231]
Event: 18.810 Thread 0x000001bfaf694000 Exception <a 'java/lang/ClassNotFoundException'{0x00000000879e0198}: org/gradle/plugin/use/internal/PluginRequestCollector$PluginDependenciesSpecImplCustomizer> (0x00000000879e0198) thrown at [./src/hotspot/share/classfile/systemDictionary.cpp, line 231]
Event: 18.872 Thread 0x000001bfaf694000 Exception <a 'java/lang/ClassNotFoundException'{0x00000000876aa570}: org/gradle/api/internal/plugins/DefaultObjectConfigurationActionBeanInfo> (0x00000000876aa570) thrown at [./src/hotspot/share/classfile/systemDictionary.cpp, line 231]
Event: 18.874 Thread 0x000001bfaf694000 Exception <a 'java/lang/ClassNotFoundException'{0x00000000876ddac0}: org/gradle/api/internal/plugins/DefaultObjectConfigurationActionCustomizer> (0x00000000876ddac0) thrown at [./src/hotspot/share/classfile/systemDictionary.cpp, line 231]
Event: 19.123 Thread 0x000001bfaf694000 Exception <a 'java/lang/NoSuchMethodError'{0x0000000086cb5d48}: 'java.lang.Object java.lang.invoke.DirectMethodHandle$Holder.invokeStatic(java.lang.Object, java.lang.Object, java.lang.Object, java.lang.Object, int)'> (0x0000000086cb5d48) thrown at [./src/hotspot/share/interpreter/linkResolver.cpp, line 773]
Event: 19.124 Thread 0x000001bfaf694000 Exception <a 'java/lang/NoSuchMethodError'{0x0000000086cba740}: 'java.lang.Object java.lang.invoke.DirectMethodHandle$Holder.invokeSpecial(java.lang.Object, java.lang.Object, java.lang.Object, java.lang.Object, java.lang.Object, int)'> (0x0000000086cba740) thrown at [./src/hotspot/share/interpreter/linkResolver.cpp, line 773]
Event: 19.124 Thread 0x000001bfaf694000 Exception <a 'java/lang/NoSuchMethodError'{0x0000000086cbed80}: 'java.lang.Object java.lang.invoke.Invokers$Holder.linkToTargetMethod(java.lang.Object, java.lang.Object, java.lang.Object, int, java.lang.Object)'> (0x0000000086cbed80) thrown at [./src/hotspot/share/interpreter/linkResolver.cpp, line 773]
Event: 19.602 Thread 0x000001bfaf694000 Exception <a 'java/lang/NoSuchMethodError'{0x0000000085d20b10}: 'java.lang.Object java.lang.invoke.DirectMethodHandle$Holder.invokeSpecial(java.lang.Object, java.lang.Object, int, int, java.lang.Object, java.lang.Object, java.lang.Object)'> (0x0000000085d20b10) thrown at [./src/hotspot/share/interpreter/linkResolver.cpp, line 773]
Event: 19.602 Thread 0x000001bfaf694000 Exception <a 'java/lang/NoSuchMethodError'{0x0000000085d25090}: 'java.lang.Object java.lang.invoke.DelegatingMethodHandle$Holder.reinvoke_L(java.lang.Object, int, int, java.lang.Object, java.lang.Object, java.lang.Object)'> (0x0000000085d25090) thrown at [./src/hotspot/share/interpreter/linkResolver.cpp, line 773]
Event: 20.111 Thread 0x000001bfaf694000 Exception <a 'java/lang/NoSuchMethodError'{0x00000000852a1530}: 'int java.lang.invoke.DirectMethodHandle$Holder.invokeInterface(java.lang.Object, java.lang.Object, java.lang.Object, java.lang.Object)'> (0x00000000852a1530) thrown at [./src/hotspot/share/interpreter/linkResolver.cpp, line 773]
Event: 20.756 Thread 0x000001bfaf694000 Exception <a 'java/lang/NoSuchMethodError'{0x000000008b598698}: 'void java.lang.invoke.DirectMethodHandle$Holder.invokeInterface(java.lang.Object, java.lang.Object, java.lang.Object, java.lang.Object)'> (0x000000008b598698) thrown at [./src/hotspot/share/interpreter/linkResolver.cpp, line 773]
Event: 21.005 Thread 0x000001bfaf694000 Exception <a 'java/lang/IncompatibleClassChangeError'{0x000000008adc5eb0}: Found class java.lang.Object, but interface was expected> (0x000000008adc5eb0) thrown at [./src/hotspot/share/interpreter/linkResolver.cpp, line 839]
Event: 21.171 Thread 0x000001bfaf694000 Implicit null exception at 0x000001bfa07cf654 to 0x000001bfa07cf838
Event: 21.171 Thread 0x000001bfaf694000 Implicit null exception at 0x000001bfa07c2dcf to 0x000001bfa07c490c
Event: 21.396 Thread 0x000001bfaf694000 Implicit null exception at 0x000001bfa08a1cad to 0x000001bfa08a1f74

Events (20 events):
Event: 21.661 Executing VM operation: CGC_Operation
Event: 21.661 Executing VM operation: CGC_Operation done
Event: 72937.807 loading class org/bouncycastle/jcajce/provider/config/ConfigurableProvider
Event: 72937.807 loading class org/bouncycastle/jcajce/provider/config/ConfigurableProvider done
Event: 72937.832 loading class java/security/KeyStore$ProtectionParameter
Event: 72937.832 loading class java/security/KeyStore$ProtectionParameter done
Event: 72937.833 loading class com/android/prefs/AndroidPathLocator
Event: 72937.833 loading class com/android/prefs/AndroidPathLocator done
Event: 72937.834 loading class com/android/prefs/PathLocator
Event: 72937.834 loading class com/android/prefs/PathLocator done
Event: 72937.835 loading class kotlin/NoWhenBranchMatchedException
Event: 72937.835 loading class kotlin/NoWhenBranchMatchedException done
Event: 72937.836 loading class com/android/prefs/Global
Event: 72937.836 loading class com/android/prefs/Global done
Event: 72937.837 loading class kotlin/collections/ArraysKt
Event: 72937.837 loading class kotlin/collections/ArraysKt done
Event: 72937.874 loading class kotlin/collections/ArraysKt___ArraysKt$asSequence$$inlined$Sequence$1
Event: 72937.874 loading class kotlin/collections/ArraysKt___ArraysKt$asSequence$$inlined$Sequence$1 done
Event: 72937.875 loading class kotlin/sequences/Sequence
Event: 72937.875 loading class kotlin/sequences/Sequence done


Dynamic libraries:
0x00007ff646040000 - 0x00007ff64604a000 	C:\Program Files\Android\Android Studio\jre\bin\java.exe
0x00007ffc10b60000 - 0x00007ffc10d50000 	C:\Windows\SYSTEM32\ntdll.dll
0x00007ffc10a60000 - 0x00007ffc10b12000 	C:\Windows\System32\KERNEL32.DLL
0x00007ffc0df70000 - 0x00007ffc0e213000 	C:\Windows\System32\KERNELBASE.dll
0x00007ffc0de70000 - 0x00007ffc0df6a000 	C:\Windows\System32\ucrtbase.dll
0x00007ffc01ef0000 - 0x00007ffc01f09000 	C:\Program Files\Android\Android Studio\jre\bin\jli.dll
0x00007ffc00fc0000 - 0x00007ffc00fd7000 	C:\Program Files\Android\Android Studio\jre\bin\VCRUNTIME140.dll
0x00007ffc0f750000 - 0x00007ffc0f8e3000 	C:\Windows\System32\USER32.dll
0x00007ffc0dd80000 - 0x00007ffc0dda1000 	C:\Windows\System32\win32u.dll
0x00007ffbfc130000 - 0x00007ffbfc3b5000 	C:\Windows\WinSxS\amd64_microsoft.windows.common-controls_6595b64144ccf1df_6.0.18362.175_none_e6c3ab1f131014c9\COMCTL32.dll
0x00007ffc108e0000 - 0x00007ffc10906000 	C:\Windows\System32\GDI32.dll
0x00007ffc0f6b0000 - 0x00007ffc0f74e000 	C:\Windows\System32\msvcrt.dll
0x00007ffc0dbe0000 - 0x00007ffc0dd74000 	C:\Windows\System32\gdi32full.dll
0x00007ffc0db40000 - 0x00007ffc0dbde000 	C:\Windows\System32\msvcp_win.dll
0x00007ffc103d0000 - 0x00007ffc10706000 	C:\Windows\System32\combase.dll
0x00007ffc0ed40000 - 0x00007ffc0ee60000 	C:\Windows\System32\RPCRT4.dll
0x00007ffc0ddb0000 - 0x00007ffc0de31000 	C:\Windows\System32\bcryptPrimitives.dll
0x00007ffc0eca0000 - 0x00007ffc0ecce000 	C:\Windows\System32\IMM32.DLL
0x00007ffbf1670000 - 0x00007ffbf170d000 	C:\Program Files\Android\Android Studio\jre\bin\msvcp140.dll
0x00007ffbce270000 - 0x00007ffbced3f000 	C:\Program Files\Android\Android Studio\jre\bin\server\jvm.dll
0x00007ffc0f420000 - 0x00007ffc0f4c3000 	C:\Windows\System32\ADVAPI32.dll
0x00007ffc109c0000 - 0x00007ffc10a57000 	C:\Windows\System32\sechost.dll
0x00007ffc10710000 - 0x00007ffc10718000 	C:\Windows\System32\PSAPI.DLL
0x00007ffc0a320000 - 0x00007ffc0a344000 	C:\Windows\SYSTEM32\WINMM.dll
0x00007ffc0c550000 - 0x00007ffc0c559000 	C:\Windows\SYSTEM32\WSOCK32.dll
0x00007ffbfe980000 - 0x00007ffbfe98a000 	C:\Windows\SYSTEM32\VERSION.dll
0x00007ffc0fbb0000 - 0x00007ffc0fc1f000 	C:\Windows\System32\WS2_32.dll
0x00007ffc0a2f0000 - 0x00007ffc0a31d000 	C:\Windows\SYSTEM32\winmmbase.dll
0x00007ffc0daf0000 - 0x00007ffc0db3a000 	C:\Windows\System32\cfgmgr32.dll
0x00007ffc0da60000 - 0x00007ffc0da71000 	C:\Windows\System32\kernel.appcore.dll
0x00007ffc07910000 - 0x00007ffc07921000 	C:\Program Files\Android\Android Studio\jre\bin\verify.dll
0x00007ffc0c320000 - 0x00007ffc0c514000 	C:\Windows\SYSTEM32\DBGHELP.DLL
0x00007ffbfd480000 - 0x00007ffbfd4aa000 	C:\Windows\SYSTEM32\dbgcore.DLL
0x00007ffc05320000 - 0x00007ffc05349000 	C:\Program Files\Android\Android Studio\jre\bin\java.dll
0x00007ffc05400000 - 0x00007ffc0540b000 	C:\Program Files\Android\Android Studio\jre\bin\jimage.dll
0x00007ffc02cf0000 - 0x00007ffc02d08000 	C:\Program Files\Android\Android Studio\jre\bin\zip.dll
0x00007ffc0fc20000 - 0x00007ffc10300000 	C:\Windows\System32\SHELL32.dll
0x00007ffc0f950000 - 0x00007ffc0f9f9000 	C:\Windows\System32\shcore.dll
0x00007ffc0e240000 - 0x00007ffc0e9bb000 	C:\Windows\System32\windows.storage.dll
0x00007ffc0da40000 - 0x00007ffc0da5f000 	C:\Windows\System32\profapi.dll
0x00007ffc0daa0000 - 0x00007ffc0daea000 	C:\Windows\System32\powrprof.dll
0x00007ffc0da30000 - 0x00007ffc0da40000 	C:\Windows\System32\UMPDC.dll
0x00007ffc0f8f0000 - 0x00007ffc0f942000 	C:\Windows\System32\shlwapi.dll
0x00007ffc0e220000 - 0x00007ffc0e237000 	C:\Windows\System32\cryptsp.dll
0x00007ffc01e50000 - 0x00007ffc01e6a000 	C:\Program Files\Android\Android Studio\jre\bin\net.dll
0x00007ffc02e20000 - 0x00007ffc02f0f000 	C:\Windows\SYSTEM32\WINHTTP.dll
0x00007ffc0d250000 - 0x00007ffc0d2b7000 	C:\Windows\system32\mswsock.dll
0x00007ffc00be0000 - 0x00007ffc00bf4000 	C:\Program Files\Android\Android Studio\jre\bin\nio.dll
0x00007ffc02730000 - 0x00007ffc02757000 	C:\Users\Anik Karmakar\.gradle\native\8bec1ad78214c89d9ad589b4d07fe93259594b29d510b10fafb7a158f7737e5d\windows-amd64\native-platform.dll
0x00007ffbe20a0000 - 0x00007ffbe21dd000 	C:\Users\Anik Karmakar\.gradle\native\53dbd7edfb1c66fb8903c78663c9afc45aea4f116125fa6feffd364cf09443e8\windows-amd64\native-platform-file-events.dll
0x00007ffc05310000 - 0x00007ffc0531a000 	C:\Program Files\Android\Android Studio\jre\bin\management.dll
0x00007ffc032e0000 - 0x00007ffc032ec000 	C:\Program Files\Android\Android Studio\jre\bin\management_ext.dll
0x00007ffc0ce20000 - 0x00007ffc0ce53000 	C:\Windows\system32\rsaenh.dll
0x00007ffc0de40000 - 0x00007ffc0de66000 	C:\Windows\System32\bcrypt.dll
0x00007ffc0d950000 - 0x00007ffc0d975000 	C:\Windows\SYSTEM32\USERENV.dll
0x00007ffc0d3d0000 - 0x00007ffc0d3dc000 	C:\Windows\SYSTEM32\CRYPTBASE.dll
0x00007ffc0cfc0000 - 0x00007ffc0cffa000 	C:\Windows\SYSTEM32\IPHLPAPI.DLL
0x00007ffc0ed30000 - 0x00007ffc0ed38000 	C:\Windows\System32\NSI.dll
0x00007ffc03870000 - 0x00007ffc03886000 	C:\Windows\SYSTEM32\dhcpcsvc6.DLL
0x00007ffc03850000 - 0x00007ffc0386c000 	C:\Windows\SYSTEM32\dhcpcsvc.DLL
0x00007ffc0d000000 - 0x00007ffc0d0ca000 	C:\Windows\SYSTEM32\DNSAPI.dll

dbghelp: loaded successfully - version: 4.0.5 - missing functions: none
symbol engine: initialized successfully - sym options: 0x614 - pdb path: .;C:\Program Files\Android\Android Studio\jre\bin;C:\Windows\SYSTEM32;C:\Windows\WinSxS\amd64_microsoft.windows.common-controls_6595b64144ccf1df_6.0.18362.175_none_e6c3ab1f131014c9;C:\Program Files\Android\Android Studio\jre\bin\server;C:\Users\Anik Karmakar\.gradle\native\8bec1ad78214c89d9ad589b4d07fe93259594b29d510b10fafb7a158f7737e5d\windows-amd64;C:\Users\Anik Karmakar\.gradle\native\53dbd7edfb1c66fb8903c78663c9afc45aea4f116125fa6feffd364cf09443e8\windows-amd64

VM Arguments:
jvm_args: --add-opens=java.base/java.util=ALL-UNNAMED --add-opens=java.base/java.lang=ALL-UNNAMED --add-opens=java.base/java.lang.invoke=ALL-UNNAMED --add-opens=java.base/java.util=ALL-UNNAMED --add-opens=java.prefs/java.util.prefs=ALL-UNNAMED --add-opens=java.prefs/java.util.prefs=ALL-UNNAMED --add-opens=java.base/java.nio.charset=ALL-UNNAMED --add-opens=java.base/java.net=ALL-UNNAMED --add-opens=java.base/java.util.concurrent.atomic=ALL-UNNAMED -Xmx2048m -Dfile.encoding=UTF-8 -Duser.country=US -Duser.language=en -Duser.variant 
java_command: org.gradle.launcher.daemon.bootstrap.GradleDaemon 7.0.2
java_class_path (initial): C:\Users\Anik Karmakar\.gradle\wrapper\dists\gradle-7.0.2-bin\857tjihv64xamwrf0h14cai3r\gradle-7.0.2\lib\gradle-launcher-7.0.2.jar
Launcher Type: SUN_STANDARD

[Global flags]
     intx CICompilerCount                          = 3                                         {product} {ergonomic}
     uint ConcGCThreads                            = 1                                         {product} {ergonomic}
     uint G1ConcRefinementThreads                  = 4                                         {product} {ergonomic}
   size_t G1HeapRegionSize                         = 1048576                                   {product} {ergonomic}
    uintx GCDrainStackTargetSize                   = 64                                        {product} {ergonomic}
   size_t InitialHeapSize                          = 134217728                                 {product} {ergonomic}
   size_t MarkStackSize                            = 4194304                                   {product} {ergonomic}
   size_t MaxHeapSize                              = 2147483648                                {product} {command line}
   size_t MaxNewSize                               = 1287651328                                {product} {ergonomic}
   size_t MinHeapDeltaBytes                        = 1048576                                   {product} {ergonomic}
    uintx NonNMethodCodeHeapSize                   = 5830732                                {pd product} {ergonomic}
    uintx NonProfiledCodeHeapSize                  = 122913754                              {pd product} {ergonomic}
    uintx ProfiledCodeHeapSize                     = 122913754                              {pd product} {ergonomic}
    uintx ReservedCodeCacheSize                    = 251658240                              {pd product} {ergonomic}
     bool SegmentedCodeCache                       = true                                      {product} {ergonomic}
     bool UseCompressedClassPointers               = true                                 {lp64_product} {ergonomic}
     bool UseCompressedOops                        = true                                 {lp64_product} {ergonomic}
     bool UseG1GC                                  = true                                      {product} {ergonomic}
     bool UseLargePagesIndividualAllocation        = false                                  {pd product} {ergonomic}

Logging:
Log output configuration:
 #0: stdout all=warning uptime,level,tags
 #1: stderr all=off uptime,level,tags

Environment Variables:
PATH=C:\Program Files (x86)\Intel\iCLS Client\;C:\Program Files\Intel\iCLS Client\;C:\Windows\system32;C:\Windows;C:\Windows\System32\Wbem;C:\Windows\System32\WindowsPowerShell\v1.0\;C:\Windows\System32\OpenSSH\;c:\Program Files\Intel\WiFi\bin\;c:\Program Files\Common Files\Intel\WirelessCommon\;C:\Program Files (x86)\Intel\Intel(R) Management Engine Components\DAL;C:\Program Files\Intel\Intel(R) Management Engine Components\DAL;C:\Program Files (x86)\Intel\Intel(R) Management Engine Components\IPT;C:\Program Files\Intel\Intel(R) Management Engine Components\IPT;C:\Program Files\Git\cmd;C:\Users\Anik Karmakar\AppData\Local\Microsoft\WindowsApps;c:\Program Files\Intel\WiFi\bin\;c:\Program Files\Common Files\Intel\WirelessCommon\;C:\Users\Anik Karmakar\AppData\Local\Programs\Microsoft VS Code\bin;C:\Program Files\JetBrains\IntelliJ IDEA Community Edition 2021.2.1\bin;
USERNAME=Anik Karmakar
OS=Windows_NT
PROCESSOR_IDENTIFIER=Intel64 Family 6 Model 61 Stepping 4, GenuineIntel



---------------  S Y S T E M  ---------------

OS: Windows 10 , 64 bit Build 18362 (10.0.18362.86)
OS uptime: 22 days 0:23 hours
Hyper-V role detected

CPU:total 4 (initial active 4) (2 cores per cpu, 2 threads per core) family 6 model 61 stepping 4 microcode 0x2b, cmov, cx8, fxsr, mmx, sse, sse2, sse3, ssse3, sse4.1, sse4.2, popcnt, avx, avx2, aes, clmul, erms, 3dnowpref, lzcnt, ht, tsc, tscinvbit, bmi1, bmi2, adx, fma

Memory: 4k page, system-wide physical 8112M (3628M free)
TotalPageFile size 9584M (AvailPageFile size 3993M)
current process WorkingSet (physical memory assigned to process): 356M, peak: 357M
current process commit charge ("private bytes"): 400M, peak: 406M

vm_info: OpenJDK 64-Bit Server VM (11.0.10+0-b96-7249189) for windows-amd64 JRE (11.0.10+0-b96-7249189), built on Mar 31 2021 21:44:00 by "builder" with MS VC++ 14.0 (VS2015)

END.
